<?xml version="1.0" encoding="UTF-8"?>
<!-- Generated by org.testng.reporters.JUnitXMLReporter -->
<testsuite ignored="12" hostname="DESKTOP-N925Q0D" failures="3" tests="27" name="BatchExecution" time="189.537" errors="0" timestamp="2023-05-26T17:40:10 IST">
  <testcase classname="com.Banking.StellerBank.User.Fund_Transfer_Test" name="Fund_Transfer_Module" time="47.465"/>
  <testcase classname="testNG_test.Get_Data_From_ExeceLibrary" name="get" time="0.015"/>
  <testcase classname="testNG_test.Get_Data_From_ExeceLibrary" name="get" time="0.003"/>
  <testcase classname="testNG_test.Get_Data_From_ExeceLibrary" name="get" time="0.003"/>
  <testcase classname="testNG_test.Get_Data_From_ExeceLibrary" name="get" time="0.002"/>
  <testcase classname="testNG_test.Get_Data_4_4" name="get" time="0.002"/>
  <testcase classname="testNG_test.Get_Data_4_4" name="get" time="0.002"/>
  <testcase classname="testNG_test.Get_Data_4_4" name="get" time="0.003"/>
  <testcase classname="testNG_test.Get_Data_4_4" name="get" time="0.005"/>
  <testcase classname="com.Banking.StellerBank.User.BatchExecution" name="f" time="0.003"/>
  <testcase classname="testNG_test.Get_Data_From_Excel_Print" name="Getdata" time="0.014"/>
  <testcase classname="testNG_test.Get_Data_From_Excel_Print" name="Getdata" time="0.004"/>
  <testcase classname="testNG_test.Get_Data_From_Excel_Print" name="Getdata" time="0.006"/>
  <testcase classname="testNG_test.Get_Data_From_Excel_Print" name="Getdata" time="0.007"/>
  <testcase classname="testNG_test.Get_Data_3_3" name="get" time="0.003"/>
  <testcase classname="testNG_test.Get_Data_3_3" name="get" time="0.002"/>
  <testcase classname="testNG_test.Get_Data_3_3" name="get" time="0.004"/>
  <testcase classname="com.Banking.StellerBank.Staff.Credit_customer_Test" name="Credit_Customer_Module" time="12.561"/>
  <testcase classname="com.Banking.StellerBank.User.Apply_Debit_Card_Test" name="apply_Debit_Card" time="8.667">
    <failure type="org.openqa.selenium.NoAlertPresentException" message="no such alert
  (Session info: chrome=113.0.5672.127)
Build info: version: &amp;apos;4.9.1&amp;apos;, revision: &amp;apos;eb2032df7f&amp;apos;
System info: os.name: &amp;apos;Windows 10&amp;apos;, os.arch: &amp;apos;amd64&amp;apos;, os.version: &amp;apos;10.0&amp;apos;, java.version: &amp;apos;17.0.5&amp;apos;
Driver info: org.openqa.selenium.chrome.ChromeDriver
Command: [c2546eaa3c5d2b38151b1c148bad225d, getAlertText {}]
Capabilities {acceptInsecureCerts: false, browserName: chrome, browserVersion: 113.0.5672.127, chrome: {chromedriverVersion: 113.0.5672.63 (0e1a4471d5ae..., userDataDir: C:\Users\admin\AppData\Loca...}, goog:chromeOptions: {debuggerAddress: localhost:54539}, networkConnectionEnabled: false, pageLoadStrategy: normal, platformName: windows, proxy: Proxy(), se:cdp: ws://localhost:54539/devtoo..., se:cdpVersion: 113.0.5672.127, setWindowRect: true, strictFileInteractability: false, timeouts: {implicit: 0, pageLoad: 300000, script: 30000}, unhandledPromptBehavior: dismiss and notify, webauthn:extension:credBlob: true, webauthn:extension:largeBlob: true, webauthn:extension:minPinLength: true, webauthn:extension:prf: true, webauthn:virtualAuthenticators: true}
Session ID: c2546eaa3c5d2b38151b1c148bad225d">
      <![CDATA[org.openqa.selenium.NoAlertPresentException: no such alert
  (Session info: chrome=113.0.5672.127)
Build info: version: '4.9.1', revision: 'eb2032df7f'
System info: os.name: 'Windows 10', os.arch: 'amd64', os.version: '10.0', java.version: '17.0.5'
Driver info: org.openqa.selenium.chrome.ChromeDriver
Command: [c2546eaa3c5d2b38151b1c148bad225d, getAlertText {}]
Capabilities {acceptInsecureCerts: false, browserName: chrome, browserVersion: 113.0.5672.127, chrome: {chromedriverVersion: 113.0.5672.63 (0e1a4471d5ae..., userDataDir: C:\Users\admin\AppData\Loca...}, goog:chromeOptions: {debuggerAddress: localhost:54539}, networkConnectionEnabled: false, pageLoadStrategy: normal, platformName: windows, proxy: Proxy(), se:cdp: ws://localhost:54539/devtoo..., se:cdpVersion: 113.0.5672.127, setWindowRect: true, strictFileInteractability: false, timeouts: {implicit: 0, pageLoad: 300000, script: 30000}, unhandledPromptBehavior: dismiss and notify, webauthn:extension:credBlob: true, webauthn:extension:largeBlob: true, webauthn:extension:minPinLength: true, webauthn:extension:prf: true, webauthn:virtualAuthenticators: true}
Session ID: c2546eaa3c5d2b38151b1c148bad225d
at org.openqa.selenium.remote.codec.w3c.W3CHttpResponseCodec.createException(W3CHttpResponseCodec.java:200)
at org.openqa.selenium.remote.codec.w3c.W3CHttpResponseCodec.decode(W3CHttpResponseCodec.java:133)
at org.openqa.selenium.remote.codec.w3c.W3CHttpResponseCodec.decode(W3CHttpResponseCodec.java:53)
at org.openqa.selenium.remote.HttpCommandExecutor.execute(HttpCommandExecutor.java:193)
at org.openqa.selenium.remote.service.DriverCommandExecutor.invokeExecute(DriverCommandExecutor.java:183)
at org.openqa.selenium.remote.service.DriverCommandExecutor.execute(DriverCommandExecutor.java:158)
at org.openqa.selenium.remote.RemoteWebDriver.execute(RemoteWebDriver.java:543)
at org.openqa.selenium.remote.RemoteWebDriver.execute(RemoteWebDriver.java:598)
at org.openqa.selenium.remote.RemoteWebDriver.execute(RemoteWebDriver.java:602)
at org.openqa.selenium.remote.RemoteWebDriver$RemoteTargetLocator.alert(RemoteWebDriver.java:1079)
at stellerBank_generic.WebDriverUtility.switch_To_Alert_Popup_And_accept(WebDriverUtility.java:262)
at com.Banking.StellerBank.User.Apply_Debit_Card_Test.apply_Debit_Card(Apply_Debit_Card_Test.java:151)
at java.base/java.util.ArrayList.forEach(ArrayList.java:1511)
... Removed 32 stack frames]]>
    </failure>
  </testcase> <!-- apply_Debit_Card -->
  <testcase classname="com.Banking.StellerBank.Staff.View_Customer_Details_by_Accont_no_Test" name="View_Customer_Details_by_Account_no_Module" time="16.762"/>
  <testcase classname="com.Banking.StellerBank.User.Open_Account_Test" name="Open_Account_Module" time="4.997"/>
  <testcase classname="com.Banking.StellerBank.User.Change_password_Test" name="Change_password_Module" time="7.718">
    <failure type="org.openqa.selenium.NoAlertPresentException" message="no such alert
  (Session info: chrome=113.0.5672.127)
Build info: version: &amp;apos;4.9.1&amp;apos;, revision: &amp;apos;eb2032df7f&amp;apos;
System info: os.name: &amp;apos;Windows 10&amp;apos;, os.arch: &amp;apos;amd64&amp;apos;, os.version: &amp;apos;10.0&amp;apos;, java.version: &amp;apos;17.0.5&amp;apos;
Driver info: org.openqa.selenium.chrome.ChromeDriver
Command: [de498dc6aab4d0d0c156eb02be36829e, getAlertText {}]
Capabilities {acceptInsecureCerts: false, browserName: chrome, browserVersion: 113.0.5672.127, chrome: {chromedriverVersion: 113.0.5672.63 (0e1a4471d5ae..., userDataDir: C:\Users\admin\AppData\Loca...}, goog:chromeOptions: {debuggerAddress: localhost:54760}, networkConnectionEnabled: false, pageLoadStrategy: normal, platformName: windows, proxy: Proxy(), se:cdp: ws://localhost:54760/devtoo..., se:cdpVersion: 113.0.5672.127, setWindowRect: true, strictFileInteractability: false, timeouts: {implicit: 0, pageLoad: 300000, script: 30000}, unhandledPromptBehavior: dismiss and notify, webauthn:extension:credBlob: true, webauthn:extension:largeBlob: true, webauthn:extension:minPinLength: true, webauthn:extension:prf: true, webauthn:virtualAuthenticators: true}
Session ID: de498dc6aab4d0d0c156eb02be36829e">
      <![CDATA[org.openqa.selenium.NoAlertPresentException: no such alert
  (Session info: chrome=113.0.5672.127)
Build info: version: '4.9.1', revision: 'eb2032df7f'
System info: os.name: 'Windows 10', os.arch: 'amd64', os.version: '10.0', java.version: '17.0.5'
Driver info: org.openqa.selenium.chrome.ChromeDriver
Command: [de498dc6aab4d0d0c156eb02be36829e, getAlertText {}]
Capabilities {acceptInsecureCerts: false, browserName: chrome, browserVersion: 113.0.5672.127, chrome: {chromedriverVersion: 113.0.5672.63 (0e1a4471d5ae..., userDataDir: C:\Users\admin\AppData\Loca...}, goog:chromeOptions: {debuggerAddress: localhost:54760}, networkConnectionEnabled: false, pageLoadStrategy: normal, platformName: windows, proxy: Proxy(), se:cdp: ws://localhost:54760/devtoo..., se:cdpVersion: 113.0.5672.127, setWindowRect: true, strictFileInteractability: false, timeouts: {implicit: 0, pageLoad: 300000, script: 30000}, unhandledPromptBehavior: dismiss and notify, webauthn:extension:credBlob: true, webauthn:extension:largeBlob: true, webauthn:extension:minPinLength: true, webauthn:extension:prf: true, webauthn:virtualAuthenticators: true}
Session ID: de498dc6aab4d0d0c156eb02be36829e
at org.openqa.selenium.remote.codec.w3c.W3CHttpResponseCodec.createException(W3CHttpResponseCodec.java:200)
at org.openqa.selenium.remote.codec.w3c.W3CHttpResponseCodec.decode(W3CHttpResponseCodec.java:133)
at org.openqa.selenium.remote.codec.w3c.W3CHttpResponseCodec.decode(W3CHttpResponseCodec.java:53)
at org.openqa.selenium.remote.HttpCommandExecutor.execute(HttpCommandExecutor.java:193)
at org.openqa.selenium.remote.service.DriverCommandExecutor.invokeExecute(DriverCommandExecutor.java:183)
at org.openqa.selenium.remote.service.DriverCommandExecutor.execute(DriverCommandExecutor.java:158)
at org.openqa.selenium.remote.RemoteWebDriver.execute(RemoteWebDriver.java:543)
at org.openqa.selenium.remote.RemoteWebDriver.execute(RemoteWebDriver.java:598)
at org.openqa.selenium.remote.RemoteWebDriver.execute(RemoteWebDriver.java:602)
at org.openqa.selenium.remote.RemoteWebDriver$RemoteTargetLocator.alert(RemoteWebDriver.java:1079)
at stellerBank_generic.WebDriverUtility.switch_To_Alert_Popup_And_accept(WebDriverUtility.java:262)
at com.Banking.StellerBank.User.Change_password_Test.Change_password_Module(Change_password_Test.java:162)
at java.base/java.util.ArrayList.forEach(ArrayList.java:1511)
... Removed 32 stack frames]]>
    </failure>
  </testcase> <!-- Change_password_Module -->
  <testcase classname="testNG_test.Get_Data_4_5" name="get" time="0.001"/>
  <testcase classname="testNG_test.Get_Data_4_5" name="get" time="0.002"/>
  <testcase classname="testNG_test.Get_Data_4_5" name="get" time="0.001"/>
  <testcase classname="testNG_test.Get_Data_4_5" name="get" time="0.001"/>
  <testcase classname="com.Banking.StellerBank.Staff.Approve_account_Test" name="approve_Account_Module" time="7.018">
    <failure type="org.openqa.selenium.NoAlertPresentException" message="no such alert
  (Session info: chrome=113.0.5672.127)
Build info: version: &amp;apos;4.9.1&amp;apos;, revision: &amp;apos;eb2032df7f&amp;apos;
System info: os.name: &amp;apos;Windows 10&amp;apos;, os.arch: &amp;apos;amd64&amp;apos;, os.version: &amp;apos;10.0&amp;apos;, java.version: &amp;apos;17.0.5&amp;apos;
Driver info: org.openqa.selenium.chrome.ChromeDriver
Command: [4aeff1fe71089a92d19aeb4fc62e292a, getAlertText {}]
Capabilities {acceptInsecureCerts: false, browserName: chrome, browserVersion: 113.0.5672.127, chrome: {chromedriverVersion: 113.0.5672.63 (0e1a4471d5ae..., userDataDir: C:\Users\admin\AppData\Loca...}, goog:chromeOptions: {debuggerAddress: localhost:54844}, networkConnectionEnabled: false, pageLoadStrategy: normal, platformName: windows, proxy: Proxy(), se:cdp: ws://localhost:54844/devtoo..., se:cdpVersion: 113.0.5672.127, setWindowRect: true, strictFileInteractability: false, timeouts: {implicit: 0, pageLoad: 300000, script: 30000}, unhandledPromptBehavior: dismiss and notify, webauthn:extension:credBlob: true, webauthn:extension:largeBlob: true, webauthn:extension:minPinLength: true, webauthn:extension:prf: true, webauthn:virtualAuthenticators: true}
Session ID: 4aeff1fe71089a92d19aeb4fc62e292a">
      <![CDATA[org.openqa.selenium.NoAlertPresentException: no such alert
  (Session info: chrome=113.0.5672.127)
Build info: version: '4.9.1', revision: 'eb2032df7f'
System info: os.name: 'Windows 10', os.arch: 'amd64', os.version: '10.0', java.version: '17.0.5'
Driver info: org.openqa.selenium.chrome.ChromeDriver
Command: [4aeff1fe71089a92d19aeb4fc62e292a, getAlertText {}]
Capabilities {acceptInsecureCerts: false, browserName: chrome, browserVersion: 113.0.5672.127, chrome: {chromedriverVersion: 113.0.5672.63 (0e1a4471d5ae..., userDataDir: C:\Users\admin\AppData\Loca...}, goog:chromeOptions: {debuggerAddress: localhost:54844}, networkConnectionEnabled: false, pageLoadStrategy: normal, platformName: windows, proxy: Proxy(), se:cdp: ws://localhost:54844/devtoo..., se:cdpVersion: 113.0.5672.127, setWindowRect: true, strictFileInteractability: false, timeouts: {implicit: 0, pageLoad: 300000, script: 30000}, unhandledPromptBehavior: dismiss and notify, webauthn:extension:credBlob: true, webauthn:extension:largeBlob: true, webauthn:extension:minPinLength: true, webauthn:extension:prf: true, webauthn:virtualAuthenticators: true}
Session ID: 4aeff1fe71089a92d19aeb4fc62e292a
at org.openqa.selenium.remote.codec.w3c.W3CHttpResponseCodec.createException(W3CHttpResponseCodec.java:200)
at org.openqa.selenium.remote.codec.w3c.W3CHttpResponseCodec.decode(W3CHttpResponseCodec.java:133)
at org.openqa.selenium.remote.codec.w3c.W3CHttpResponseCodec.decode(W3CHttpResponseCodec.java:53)
at org.openqa.selenium.remote.HttpCommandExecutor.execute(HttpCommandExecutor.java:193)
at org.openqa.selenium.remote.service.DriverCommandExecutor.invokeExecute(DriverCommandExecutor.java:183)
at org.openqa.selenium.remote.service.DriverCommandExecutor.execute(DriverCommandExecutor.java:158)
at org.openqa.selenium.remote.RemoteWebDriver.execute(RemoteWebDriver.java:543)
at org.openqa.selenium.remote.RemoteWebDriver.execute(RemoteWebDriver.java:598)
at org.openqa.selenium.remote.RemoteWebDriver.execute(RemoteWebDriver.java:602)
at org.openqa.selenium.remote.RemoteWebDriver$RemoteTargetLocator.alert(RemoteWebDriver.java:1079)
at stellerBank_generic.WebDriverUtility.switch_To_Alert_Popup_And_accept(WebDriverUtility.java:262)
at com.Banking.StellerBank.Staff.Approve_account_Test.approve_Account_Module(Approve_account_Test.java:151)
at java.base/java.util.ArrayList.forEach(ArrayList.java:1511)
... Removed 32 stack frames]]>
    </failure>
  </testcase> <!-- approve_Account_Module -->
  <testcase classname="stellerBank_generic.BaseclassUtility" name="@BeforeSuite connectToDatabase" time="0.0">
    <ignored/>
  </testcase> <!-- @BeforeSuite connectToDatabase -->
  <testcase classname="stellerBank_generic.BaseclassUtility" name="@BeforeSuite connectToDatabase" time="0.0">
    <ignored/>
  </testcase> <!-- @BeforeSuite connectToDatabase -->
  <testcase classname="stellerBank_generic.BaseclassUtility" name="@BeforeSuite connectToDatabase" time="0.0">
    <ignored/>
  </testcase> <!-- @BeforeSuite connectToDatabase -->
  <testcase classname="stellerBank_generic.BaseclassUtility" name="@BeforeSuite connectToDatabase" time="0.0">
    <ignored/>
  </testcase> <!-- @BeforeSuite connectToDatabase -->
  <testcase classname="stellerBank_generic.BaseclassUtility" name="@BeforeSuite connectToDatabase" time="0.0">
    <ignored/>
  </testcase> <!-- @BeforeSuite connectToDatabase -->
  <testcase classname="stellerBank_generic.BaseclassUtility" name="@BeforeSuite connectToDatabase" time="0.0">
    <ignored/>
  </testcase> <!-- @BeforeSuite connectToDatabase -->
  <testcase classname="stellerBank_generic.BaseclassUtility" name="@BeforeSuite disconnectFromDatabase" time="0.0">
    <ignored/>
  </testcase> <!-- @BeforeSuite disconnectFromDatabase -->
  <testcase classname="stellerBank_generic.BaseclassUtility" name="@BeforeSuite disconnectFromDatabase" time="0.0">
    <ignored/>
  </testcase> <!-- @BeforeSuite disconnectFromDatabase -->
  <testcase classname="stellerBank_generic.BaseclassUtility" name="@BeforeSuite disconnectFromDatabase" time="0.0">
    <ignored/>
  </testcase> <!-- @BeforeSuite disconnectFromDatabase -->
  <testcase classname="stellerBank_generic.BaseclassUtility" name="@BeforeSuite disconnectFromDatabase" time="0.0">
    <ignored/>
  </testcase> <!-- @BeforeSuite disconnectFromDatabase -->
  <testcase classname="stellerBank_generic.BaseclassUtility" name="@BeforeSuite disconnectFromDatabase" time="0.0">
    <ignored/>
  </testcase> <!-- @BeforeSuite disconnectFromDatabase -->
  <testcase classname="stellerBank_generic.BaseclassUtility" name="@BeforeSuite disconnectFromDatabase" time="0.0">
    <ignored/>
  </testcase> <!-- @BeforeSuite disconnectFromDatabase -->
</testsuite> <!-- BatchExecution -->
