<?xml version="1.0" encoding="UTF-8"?>
<!-- Generated by org.testng.reporters.JUnitXMLReporter -->
<testsuite ignored="2" hostname="DESKTOP-N925Q0D" failures="1" tests="2" name="Test1" time="38.555" errors="0" timestamp="2023-05-30T12:48:51 IST">
  <testcase classname="com.Banking.StellerBank.User.Fund_Transfer_Test" name="Fund_Transfer_Module" time="19.932">
    <failure type="org.openqa.selenium.NoAlertPresentException" message="no such alert
  (Session info: MicrosoftEdge=113.0.1774.57)
Build info: version: &amp;apos;4.9.1&amp;apos;, revision: &amp;apos;eb2032df7f&amp;apos;
System info: os.name: &amp;apos;Windows 10&amp;apos;, os.arch: &amp;apos;amd64&amp;apos;, os.version: &amp;apos;10.0&amp;apos;, java.version: &amp;apos;17.0.5&amp;apos;
Driver info: org.openqa.selenium.edge.EdgeDriver
Command: [9726d7e8ed897bed36283118dcff976e, getAlertText {}]
Capabilities {acceptInsecureCerts: false, browserName: msedge, browserVersion: 113.0.1774.57, ms:edgeOptions: {debuggerAddress: localhost:61453}, msedge: {msedgedriverVersion: 113.0.1774.57 (b3b212deff59..., userDataDir: C:\Users\admin\AppData\Loca...}, networkConnectionEnabled: false, pageLoadStrategy: normal, platformName: windows, proxy: Proxy(), se:cdp: ws://localhost:61453/devtoo..., se:cdpVersion: 113.0.1774.57, setWindowRect: true, strictFileInteractability: false, timeouts: {implicit: 0, pageLoad: 300000, script: 30000}, unhandledPromptBehavior: dismiss and notify, webauthn:extension:credBlob: true, webauthn:extension:largeBlob: true, webauthn:extension:minPinLength: true, webauthn:extension:prf: true, webauthn:virtualAuthenticators: true}
Session ID: 9726d7e8ed897bed36283118dcff976e">
      <![CDATA[org.openqa.selenium.NoAlertPresentException: no such alert
  (Session info: MicrosoftEdge=113.0.1774.57)
Build info: version: '4.9.1', revision: 'eb2032df7f'
System info: os.name: 'Windows 10', os.arch: 'amd64', os.version: '10.0', java.version: '17.0.5'
Driver info: org.openqa.selenium.edge.EdgeDriver
Command: [9726d7e8ed897bed36283118dcff976e, getAlertText {}]
Capabilities {acceptInsecureCerts: false, browserName: msedge, browserVersion: 113.0.1774.57, ms:edgeOptions: {debuggerAddress: localhost:61453}, msedge: {msedgedriverVersion: 113.0.1774.57 (b3b212deff59..., userDataDir: C:\Users\admin\AppData\Loca...}, networkConnectionEnabled: false, pageLoadStrategy: normal, platformName: windows, proxy: Proxy(), se:cdp: ws://localhost:61453/devtoo..., se:cdpVersion: 113.0.1774.57, setWindowRect: true, strictFileInteractability: false, timeouts: {implicit: 0, pageLoad: 300000, script: 30000}, unhandledPromptBehavior: dismiss and notify, webauthn:extension:credBlob: true, webauthn:extension:largeBlob: true, webauthn:extension:minPinLength: true, webauthn:extension:prf: true, webauthn:virtualAuthenticators: true}
Session ID: 9726d7e8ed897bed36283118dcff976e
at org.openqa.selenium.remote.codec.w3c.W3CHttpResponseCodec.createException(W3CHttpResponseCodec.java:200)
at org.openqa.selenium.remote.codec.w3c.W3CHttpResponseCodec.decode(W3CHttpResponseCodec.java:133)
at org.openqa.selenium.remote.codec.w3c.W3CHttpResponseCodec.decode(W3CHttpResponseCodec.java:53)
at org.openqa.selenium.remote.HttpCommandExecutor.execute(HttpCommandExecutor.java:193)
at org.openqa.selenium.remote.service.DriverCommandExecutor.invokeExecute(DriverCommandExecutor.java:183)
at org.openqa.selenium.remote.service.DriverCommandExecutor.execute(DriverCommandExecutor.java:158)
at org.openqa.selenium.remote.RemoteWebDriver.execute(RemoteWebDriver.java:543)
at org.openqa.selenium.remote.RemoteWebDriver.execute(RemoteWebDriver.java:598)
at org.openqa.selenium.remote.RemoteWebDriver.execute(RemoteWebDriver.java:602)
at org.openqa.selenium.remote.RemoteWebDriver$RemoteTargetLocator.alert(RemoteWebDriver.java:1079)
at stellerBank_generic.WebDriverUtility.switch_To_Alert_Popup_And_accept(WebDriverUtility.java:262)
at com.Banking.StellerBank.User.Fund_Transfer_Test.Fund_Transfer_Module(Fund_Transfer_Test.java:170)
at java.base/java.util.concurrent.ThreadPoolExecutor.runWorker(ThreadPoolExecutor.java:1136)
at java.base/java.util.concurrent.ThreadPoolExecutor$Worker.run(ThreadPoolExecutor.java:635)
at java.base/java.lang.Thread.run(Thread.java:833)
... Removed 17 stack frames]]>
    </failure>
  </testcase> <!-- Fund_Transfer_Module -->
  <testcase classname="com.Banking.StellerBank.User.Change_password_Test" name="Change_password_Module" time="27.759"/>
  <testcase classname="stellerBank_generic.BaseclassUtility" name="@BeforeSuite connectToDatabase" time="0.0">
    <ignored/>
  </testcase> <!-- @BeforeSuite connectToDatabase -->
  <testcase classname="stellerBank_generic.BaseclassUtility" name="@BeforeSuite disconnectFromDatabase" time="0.0">
    <ignored/>
  </testcase> <!-- @BeforeSuite disconnectFromDatabase -->
</testsuite> <!-- Test1 -->
